<?xml version="1.0" encoding="UTF-8"?>
<testsuite name="SILab2Test" tests="2" skipped="0" failures="0" errors="0" timestamp="2021-05-21T12:08:32" hostname="OLIVER-PC" time="0.033">
  <properties/>
  <testcase name="everyBranchTest()" classname="SILab2Test" time="0.029"/>
  <testcase name="multipleCondition()" classname="SILab2Test" time="0.003"/>
  <system-out><![CDATA[]]></system-out>
  <system-err><![CDATA[]]></system-err>
</testsuite>
